<?xml version="1.0" encoding="UTF-8"?>
<!-- Generated by org.testng.reporters.JUnitXMLReporter -->
<testsuite ignored="0" hostname="lappy" failures="0" tests="4" name="testng test" time="90.674" errors="0" timestamp="2024-02-18T21:54:04 IST">
  <testcase classname="com.lavatech.www.TestClass" name="register" time="24.063"/>
  <testcase classname="com.lavatech.www.TestClass" name="login" time="11.435"/>
  <testcase classname="com.lavatech.www.TestClass" name="cart" time="15.513"/>
  <testcase classname="com.lavatech.www.TestClass" name="orderPlace" time="36.885"/>
</testsuite> <!-- testng test -->
